<?xml version="1.0" encoding="UTF-8"?>
<!-- Generated by org.testng.reporters.JUnitReportReporter -->
<testsuite hostname="Rafa" failures="0" tests="1" name="TitleTest" time="0.016" errors="0" timestamp="2024-08-07T19:52:51 EDT" skipped="0">
  <testcase classname="TitleTest" name="Title_test" time="0.016"/>
</testsuite> <!-- TitleTest -->
