<?xml version="1.0" encoding="UTF-8"?>
<!-- Generated by org.testng.reporters.JUnitReportReporter -->
<testsuite hostname="Rafa" failures="0" tests="1" name="Launching_the_browser" time="0.266" errors="0" timestamp="2024-09-06T00:48:08 EDT" skipped="0">
  <testcase classname="Launching_the_browser" name="title_test" time="0.266"/>
</testsuite> <!-- Launching_the_browser -->
